No movies to ETL found. Exiting...
7/20/11 8:52 AM 771206082 Locked
7/20/11 8:52 AM 771206082 Locked
7/20/11 8:52 AM 771244618 Locked
7/20/11 8:53 AM 771206082 Updated
7/20/11 8:53 AM 771244618 Updated
7/20/11 8:53 AM 771240820 Updated
7/20/11 8:54 AM 771243780 Updated
7/20/11 8:54 AM 771243949 Locked
7/20/11 8:54 AM 771243949 Updated
7/20/11 8:54 AM 771244184 Updated
7/20/11 8:55 AM 771244824 Updated
7/20/11 8:55 AM 771006922 No change
Failed conditions to continue ETL. Exiting...
Failed conditions to continue ETL. Exiting...
7/20/11 8:55 AM 771245039 Updated
Failed conditions to continue ETL. Exiting...
7/20/11 9:19 AM 771209020 Locked
7/20/11 9:19 AM 771209020 Locked
7/20/11 9:19 AM 771209066 Locked
7/20/11 9:19 AM 771209020 Updated
7/20/11 9:20 AM 771209378 Updated
7/20/11 9:20 AM 771209066 Updated
7/20/11 9:20 AM 771209435 Updated
7/20/11 9:21 AM 771209823 Updated
7/20/11 9:21 AM 771209683 Updated
7/20/11 9:21 AM 771209690 Updated
7/20/11 9:22 AM 771210627 Locked
Failed conditions to continue ETL. Exiting...
7/20/11 9:22 AM 771210690 Updated
Failed conditions to continue ETL. Exiting...
7/20/11 9:23 AM 771210627 Updated
Failed conditions to continue ETL. Exiting...
